<?xml version="1.0" encoding="UTF-8"?>
<testng-results skipped="0" failed="0" ignored="0" total="1" passed="1">
  <reporter-output>
  </reporter-output>
  <suite name="Default suite" duration-ms="56957" started-at="2022-04-18T12:12:35Z" finished-at="2022-04-18T12:13:32Z">
    <groups>
    </groups>
    <test name="Default test" duration-ms="56957" started-at="2022-04-18T12:12:35Z" finished-at="2022-04-18T12:13:32Z">
      <class name="testPage.ManufacturingPageTest">
        <test-method status="PASS" signature="setUp()[pri:0, instance:testPage.ManufacturingPageTest@34b7ac2f]" name="setUp" is-config="true" duration-ms="33887" started-at="2022-04-18T17:42:35Z" finished-at="2022-04-18T17:43:09Z">
          <reporter-output>
          </reporter-output>
        </test-method> <!-- setUp -->
        <test-method status="PASS" signature="verifycreatemanufact()[pri:0, instance:testPage.ManufacturingPageTest@34b7ac2f]" name="verifycreatemanufact" duration-ms="23042" started-at="2022-04-18T17:43:09Z" finished-at="2022-04-18T17:43:32Z">
          <reporter-output>
          </reporter-output>
        </test-method> <!-- verifycreatemanufact -->
      </class> <!-- testPage.ManufacturingPageTest -->
    </test> <!-- Default test -->
  </suite> <!-- Default suite -->
</testng-results>
